<?xml version="1.0" encoding="UTF-8"?>
<testng-results skipped="0" failed="0" ignored="0" total="1" passed="1">
  <reporter-output>
  </reporter-output>
  <suite name="Default suite" duration-ms="77196" started-at="2020-12-14T09:31:11Z" finished-at="2020-12-14T09:32:28Z">
    <groups>
    </groups>
    <test name="Default test" duration-ms="77196" started-at="2020-12-14T09:31:11Z" finished-at="2020-12-14T09:32:28Z">
      <class name="assignment1.Ebay">
        <test-method status="PASS" signature="setup()[pri:0, instance:assignment1.Ebay@f3a2695a]" name="setup" is-config="true" duration-ms="53550" started-at="2020-12-14T15:01:11Z" finished-at="2020-12-14T15:02:05Z">
          <reporter-output>
          </reporter-output>
        </test-method> <!-- setup -->
        <test-method status="PASS" signature="Test()[pri:0, instance:assignment1.Ebay@f3a2695a]" name="Test" duration-ms="23510" started-at="2020-12-14T15:02:05Z" finished-at="2020-12-14T15:02:28Z">
          <reporter-output>
          </reporter-output>
        </test-method> <!-- Test -->
        <test-method status="PASS" signature="quit()[pri:0, instance:assignment1.Ebay@f3a2695a]" name="quit" is-config="true" duration-ms="0" started-at="2020-12-14T15:02:28Z" finished-at="2020-12-14T15:02:28Z">
          <reporter-output>
          </reporter-output>
        </test-method> <!-- quit -->
      </class> <!-- assignment1.Ebay -->
    </test> <!-- Default test -->
  </suite> <!-- Default suite -->
</testng-results>
